29-Feb-2024 14:43:51.893 SEVERE [main] org.apache.catalina.startup.Catalina.stopServer [localhost:8005] (base 포트 [8005] 그리고 offset [0])와(과) 연결할 수 없었습니다. Tomcat이 실행 중이지 않을 수 있습니다.
29-Feb-2024 14:43:58.251 INFO [main] org.apache.catalina.startup.VersionLoggerListener.log 서버 버전 이름:    Apache Tomcat/9.0.84
29-Feb-2024 14:43:58.254 INFO [main] org.apache.catalina.startup.VersionLoggerListener.log Server 빌드 시각:  Dec 7 2023 19:27:40 UTC
29-Feb-2024 14:43:58.254 INFO [main] org.apache.catalina.startup.VersionLoggerListener.log Server 버전 번호:  9.0.84.0
29-Feb-2024 14:43:58.254 INFO [main] org.apache.catalina.startup.VersionLoggerListener.log 운영체제 이름:     Windows 11
29-Feb-2024 14:43:58.255 INFO [main] org.apache.catalina.startup.VersionLoggerListener.log 운영체제 버전:     10.0
29-Feb-2024 14:43:58.255 INFO [main] org.apache.catalina.startup.VersionLoggerListener.log 아키텍처:          amd64
29-Feb-2024 14:43:58.255 INFO [main] org.apache.catalina.startup.VersionLoggerListener.log 자바 홈:           C:\Program Files\Java\jdk-21
29-Feb-2024 14:43:58.255 INFO [main] org.apache.catalina.startup.VersionLoggerListener.log JVM 버전:          21.0.1+12-LTS-29
29-Feb-2024 14:43:58.255 INFO [main] org.apache.catalina.startup.VersionLoggerListener.log JVM 벤더:          Oracle Corporation
29-Feb-2024 14:43:58.255 INFO [main] org.apache.catalina.startup.VersionLoggerListener.log CATALINA_BASE:     D:\JAVA예제\apache-tomcat-9.0.84
29-Feb-2024 14:43:58.255 INFO [main] org.apache.catalina.startup.VersionLoggerListener.log CATALINA_HOME:     D:\JAVA예제\apache-tomcat-9.0.84
29-Feb-2024 14:43:58.262 INFO [main] org.apache.catalina.startup.VersionLoggerListener.log 명령 행 아규먼트:  --add-opens=java.base/java.lang=ALL-UNNAMED
29-Feb-2024 14:43:58.262 INFO [main] org.apache.catalina.startup.VersionLoggerListener.log 명령 행 아규먼트:  --add-opens=java.base/java.io=ALL-UNNAMED
29-Feb-2024 14:43:58.262 INFO [main] org.apache.catalina.startup.VersionLoggerListener.log 명령 행 아규먼트:  --add-opens=java.base/java.util=ALL-UNNAMED
29-Feb-2024 14:43:58.262 INFO [main] org.apache.catalina.startup.VersionLoggerListener.log 명령 행 아규먼트:  --add-opens=java.base/java.util.concurrent=ALL-UNNAMED
29-Feb-2024 14:43:58.263 INFO [main] org.apache.catalina.startup.VersionLoggerListener.log 명령 행 아규먼트:  --add-opens=java.rmi/sun.rmi.transport=ALL-UNNAMED
29-Feb-2024 14:43:58.263 INFO [main] org.apache.catalina.startup.VersionLoggerListener.log 명령 행 아규먼트:  -Djava.util.logging.config.file=D:\JAVA예제\apache-tomcat-9.0.84\conf\logging.properties
29-Feb-2024 14:43:58.263 INFO [main] org.apache.catalina.startup.VersionLoggerListener.log 명령 행 아규먼트:  -Djava.util.logging.manager=org.apache.juli.ClassLoaderLogManager
29-Feb-2024 14:43:58.263 INFO [main] org.apache.catalina.startup.VersionLoggerListener.log 명령 행 아규먼트:  -Djdk.tls.ephemeralDHKeySize=2048
29-Feb-2024 14:43:58.263 INFO [main] org.apache.catalina.startup.VersionLoggerListener.log 명령 행 아규먼트:  -Djava.protocol.handler.pkgs=org.apache.catalina.webresources
29-Feb-2024 14:43:58.264 INFO [main] org.apache.catalina.startup.VersionLoggerListener.log 명령 행 아규먼트:  -Dignore.endorsed.dirs=
29-Feb-2024 14:43:58.264 INFO [main] org.apache.catalina.startup.VersionLoggerListener.log 명령 행 아규먼트:  -Dcatalina.base=D:\JAVA예제\apache-tomcat-9.0.84
29-Feb-2024 14:43:58.264 INFO [main] org.apache.catalina.startup.VersionLoggerListener.log 명령 행 아규먼트:  -Dcatalina.home=D:\JAVA예제\apache-tomcat-9.0.84
29-Feb-2024 14:43:58.264 INFO [main] org.apache.catalina.startup.VersionLoggerListener.log 명령 행 아규먼트:  -Djava.io.tmpdir=D:\JAVA예제\apache-tomcat-9.0.84\temp
29-Feb-2024 14:43:58.268 INFO [main] org.apache.catalina.core.AprLifecycleListener.lifecycleEvent APR 버전 [1.7.4]을(를) 사용한, APR 기반 Apache Tomcat Native 라이브러리 [1.2.39]을(를) 로드했습니다.
29-Feb-2024 14:43:58.268 INFO [main] org.apache.catalina.core.AprLifecycleListener.lifecycleEvent APR 용량정보들: IPv6 [true], sendfile [true], accept filters [false], random [true], UDS [true].
29-Feb-2024 14:43:58.268 INFO [main] org.apache.catalina.core.AprLifecycleListener.lifecycleEvent APR/OpenSSL 설정: useAprConnector [false], useOpenSSL [true]
29-Feb-2024 14:43:58.273 INFO [main] org.apache.catalina.core.AprLifecycleListener.initializeSSL OpenSSL이 성공적으로 초기화되었습니다: [OpenSSL 3.0.11 19 Sep 2023]
29-Feb-2024 14:43:58.494 INFO [main] org.apache.coyote.AbstractProtocol.init 프로토콜 핸들러 ["http-nio-8080"]을(를) 초기화합니다.
29-Feb-2024 14:43:58.511 INFO [main] org.apache.catalina.startup.Catalina.load [418] 밀리초 내에 서버가 초기화되었습니다.
29-Feb-2024 14:43:58.564 INFO [main] org.apache.catalina.core.StandardService.startInternal 서비스 [Catalina]을(를) 시작합니다.
29-Feb-2024 14:43:58.564 INFO [main] org.apache.catalina.core.StandardEngine.startInternal 서버 엔진을 시작합니다: [Apache Tomcat/9.0.84]
29-Feb-2024 14:43:58.579 INFO [main] org.apache.catalina.startup.HostConfig.deployDirectory 웹 애플리케이션 디렉토리 [D:\JAVA예제\apache-tomcat-9.0.84\webapps\docs]을(를) 배치합니다.
29-Feb-2024 14:43:58.838 INFO [main] org.apache.catalina.startup.HostConfig.deployDirectory 웹 애플리케이션 디렉토리 [D:\JAVA예제\apache-tomcat-9.0.84\webapps\docs]에 대한 배치가 [257] 밀리초에 완료되었습니다.
29-Feb-2024 14:43:58.839 INFO [main] org.apache.catalina.startup.HostConfig.deployDirectory 웹 애플리케이션 디렉토리 [D:\JAVA예제\apache-tomcat-9.0.84\webapps\examples]을(를) 배치합니다.
29-Feb-2024 14:43:59.395 INFO [main] org.apache.catalina.startup.HostConfig.deployDirectory 웹 애플리케이션 디렉토리 [D:\JAVA예제\apache-tomcat-9.0.84\webapps\examples]에 대한 배치가 [556] 밀리초에 완료되었습니다.
29-Feb-2024 14:43:59.396 INFO [main] org.apache.catalina.startup.HostConfig.deployDirectory 웹 애플리케이션 디렉토리 [D:\JAVA예제\apache-tomcat-9.0.84\webapps\host-manager]을(를) 배치합니다.
29-Feb-2024 14:43:59.427 INFO [main] org.apache.catalina.startup.HostConfig.deployDirectory 웹 애플리케이션 디렉토리 [D:\JAVA예제\apache-tomcat-9.0.84\webapps\host-manager]에 대한 배치가 [30] 밀리초에 완료되었습니다.
29-Feb-2024 14:43:59.427 INFO [main] org.apache.catalina.startup.HostConfig.deployDirectory 웹 애플리케이션 디렉토리 [D:\JAVA예제\apache-tomcat-9.0.84\webapps\manager]을(를) 배치합니다.
29-Feb-2024 14:43:59.451 INFO [main] org.apache.catalina.startup.HostConfig.deployDirectory 웹 애플리케이션 디렉토리 [D:\JAVA예제\apache-tomcat-9.0.84\webapps\manager]에 대한 배치가 [24] 밀리초에 완료되었습니다.
29-Feb-2024 14:43:59.452 INFO [main] org.apache.catalina.startup.HostConfig.deployDirectory 웹 애플리케이션 디렉토리 [D:\JAVA예제\apache-tomcat-9.0.84\webapps\ROOT]을(를) 배치합니다.
29-Feb-2024 14:43:59.469 INFO [main] org.apache.catalina.startup.HostConfig.deployDirectory 웹 애플리케이션 디렉토리 [D:\JAVA예제\apache-tomcat-9.0.84\webapps\ROOT]에 대한 배치가 [18] 밀리초에 완료되었습니다.
29-Feb-2024 14:43:59.472 INFO [main] org.apache.coyote.AbstractProtocol.start 프로토콜 핸들러 ["http-nio-8080"]을(를) 시작합니다.
29-Feb-2024 14:43:59.489 INFO [main] org.apache.catalina.startup.Catalina.start 서버가 [976] 밀리초 내에 시작되었습니다.
